<?xml version="1.0" encoding="UTF-8"?>
<coverage generated="1638535120820" clover="3.2.0">
  <project timestamp="1638535120820" name="All files">
    <metrics statements="27" coveredstatements="20" conditionals="5" coveredconditionals="0" methods="8" coveredmethods="4" elements="40" coveredelements="24" complexity="0" loc="27" ncloc="27" packages="1" files="2" classes="2"/>
    <file name="champion.ts" path="/Users/laurent/developpement/typescript/TP_RPG/src/champion.ts">
      <metrics statements="24" coveredstatements="17" conditionals="5" coveredconditionals="0" methods="6" coveredmethods="2"/>
      <line num="1" count="1" type="stmt"/>
      <line num="10" count="1" type="stmt"/>
      <line num="16" count="1" type="stmt"/>
      <line num="17" count="1" type="stmt"/>
      <line num="18" count="1" type="stmt"/>
      <line num="19" count="1" type="stmt"/>
      <line num="20" count="1" type="stmt"/>
      <line num="21" count="1" type="stmt"/>
      <line num="23" count="1" type="stmt"/>
      <line num="24" count="1" type="stmt"/>
      <line num="25" count="1" type="stmt"/>
      <line num="26" count="1" type="stmt"/>
      <line num="27" count="1" type="stmt"/>
      <line num="28" count="1" type="stmt"/>
      <line num="29" count="1" type="stmt"/>
      <line num="30" count="1" type="stmt"/>
      <line num="34" count="0" type="stmt"/>
      <line num="38" count="0" type="cond" truecount="0" falsecount="2"/>
      <line num="39" count="0" type="cond" truecount="0" falsecount="1"/>
      <line num="40" count="0" type="stmt"/>
      <line num="43" count="0" type="stmt"/>
      <line num="48" count="0" type="stmt"/>
      <line num="52" count="0" type="cond" truecount="0" falsecount="2"/>
      <line num="56" count="1" type="stmt"/>
    </file>
    <file name="knight.ts" path="/Users/laurent/developpement/typescript/TP_RPG/src/knight.ts">
      <metrics statements="3" coveredstatements="3" conditionals="0" coveredconditionals="0" methods="2" coveredmethods="2"/>
      <line num="1" count="1" type="stmt"/>
      <line num="4" count="1" type="stmt"/>
      <line num="12" count="1" type="stmt"/>
    </file>
  </project>
</coverage>
