<?xml version="1.0" encoding="UTF-8"?>
<coverage generated="1638536215293" clover="3.2.0">
  <project timestamp="1638536215294" name="All files">
    <metrics statements="29" coveredstatements="22" conditionals="5" coveredconditionals="0" methods="8" coveredmethods="4" elements="42" coveredelements="26" complexity="0" loc="29" ncloc="29" packages="1" files="2" classes="2"/>
    <file name="champion.ts" path="C:\Users\Solinovefa\Desktop\typescript\TP_RPG\src\champion.ts">
      <metrics statements="26" coveredstatements="19" conditionals="5" coveredconditionals="0" methods="7" coveredmethods="3"/>
      <line num="1" count="1" type="stmt"/>
      <line num="10" count="1" type="stmt"/>
      <line num="16" count="1" type="stmt"/>
      <line num="17" count="1" type="stmt"/>
      <line num="18" count="1" type="stmt"/>
      <line num="19" count="1" type="stmt"/>
      <line num="20" count="1" type="stmt"/>
      <line num="21" count="1" type="stmt"/>
      <line num="23" count="1" type="stmt"/>
      <line num="24" count="1" type="stmt"/>
      <line num="25" count="1" type="stmt"/>
      <line num="26" count="1" type="stmt"/>
      <line num="27" count="1" type="stmt"/>
      <line num="28" count="1" type="stmt"/>
      <line num="29" count="1" type="stmt"/>
      <line num="30" count="1" type="stmt"/>
      <line num="31" count="1" type="stmt"/>
      <line num="35" count="1" type="stmt"/>
      <line num="39" count="0" type="cond" truecount="0" falsecount="2"/>
      <line num="40" count="0" type="cond" truecount="0" falsecount="1"/>
      <line num="41" count="0" type="stmt"/>
      <line num="44" count="0" type="stmt"/>
      <line num="49" count="0" type="stmt"/>
      <line num="53" count="0" type="stmt"/>
      <line num="56" count="0" type="cond" truecount="0" falsecount="2"/>
      <line num="60" count="1" type="stmt"/>
    </file>
    <file name="knight.ts" path="C:\Users\Solinovefa\Desktop\typescript\TP_RPG\src\knight.ts">
      <metrics statements="3" coveredstatements="3" conditionals="0" coveredconditionals="0" methods="1" coveredmethods="1"/>
      <line num="1" count="1" type="stmt"/>
      <line num="4" count="1" type="stmt"/>
      <line num="12" count="1" type="stmt"/>
    </file>
  </project>
</coverage>
