{"/Users/piflorian/ECV/M2/typescript/TP_RPG/src/champion.ts": {"path":"/Users/piflorian/ECV/M2/typescript/TP_RPG/src/champion.ts","statementMap":{"0":{"start":{"line":1,"column":0},"end":{"line":1,"column":34}},"1":{"start":{"line":17,"column":14},"end":{"line":17,"column":31}},"2":{"start":{"line":18,"column":14},"end":{"line":18,"column":30}},"3":{"start":{"line":19,"column":14},"end":{"line":19,"column":42}},"4":{"start":{"line":20,"column":14},"end":{"line":20,"column":25}},"5":{"start":{"line":21,"column":14},"end":{"line":21,"column":25}},"6":{"start":{"line":22,"column":14},"end":{"line":22,"column":24}},"7":{"start":{"line":24,"column":4},"end":{"line":24,"column":31}},"8":{"start":{"line":25,"column":4},"end":{"line":25,"column":29}},"9":{"start":{"line":26,"column":4},"end":{"line":26,"column":48}},"10":{"start":{"line":27,"column":4},"end":{"line":27,"column":53}},"11":{"start":{"line":28,"column":4},"end":{"line":28,"column":19}},"12":{"start":{"line":29,"column":4},"end":{"line":29,"column":19}},"13":{"start":{"line":30,"column":4},"end":{"line":30,"column":17}},"14":{"start":{"line":31,"column":4},"end":{"line":31,"column":20}},"15":{"start":{"line":32,"column":4},"end":{"line":32,"column":29}},"16":{"start":{"line":36,"column":4},"end":{"line":36,"column":28}},"17":{"start":{"line":40,"column":4},"end":{"line":44,"column":null}},"18":{"start":{"line":41,"column":6},"end":{"line":41,"column":67}},"19":{"start":{"line":41,"column":39},"end":{"line":41,"column":67}},"20":{"start":{"line":43,"column":6},"end":{"line":43,"column":30}},"21":{"start":{"line":48,"column":4},"end":{"line":49,"column":27}},"22":{"start":{"line":48,"column":27},"end":{"line":48,"column":39}},"23":{"start":{"line":49,"column":9},"end":{"line":49,"column":27}},"24":{"start":{"line":53,"column":4},"end":{"line":53,"column":23}},"25":{"start":{"line":57,"column":4},"end":{"line":57,"column":52}},"26":{"start":{"line":61,"column":4},"end":{"line":61,"column":28}},"27":{"start":{"line":10,"column":0},"end":{"line":10,"column":22}}},"fnMap":{"0":{"name":"(anonymous_0)","decl":{"start":{"line":16,"column":2},"end":{"line":16,"column":null}},"loc":{"start":{"line":22,"column":24},"end":{"line":33,"column":3}}},"1":{"name":"(anonymous_1)","decl":{"start":{"line":35,"column":9},"end":{"line":35,"column":16}},"loc":{"start":{"line":35,"column":16},"end":{"line":37,"column":3}}},"2":{"name":"(anonymous_2)","decl":{"start":{"line":39,"column":9},"end":{"line":39,"column":15}},"loc":{"start":{"line":39,"column":32},"end":{"line":45,"column":3}}},"3":{"name":"(anonymous_3)","decl":{"start":{"line":47,"column":9},"end":{"line":47,"column":15}},"loc":{"start":{"line":47,"column":30},"end":{"line":50,"column":3}}},"4":{"name":"(anonymous_4)","decl":{"start":{"line":52,"column":9},"end":{"line":52,"column":16}},"loc":{"start":{"line":52,"column":16},"end":{"line":54,"column":3}}},"5":{"name":"(anonymous_5)","decl":{"start":{"line":56,"column":2},"end":{"line":56,"column":7}},"loc":{"start":{"line":56,"column":7},"end":{"line":58,"column":3}}},"6":{"name":"(anonymous_6)","decl":{"start":{"line":60,"column":2},"end":{"line":60,"column":16}},"loc":{"start":{"line":60,"column":16},"end":{"line":62,"column":3}}}},"branchMap":{"0":{"loc":{"start":{"line":40,"column":4},"end":{"line":44,"column":null}},"type":"if","locations":[{"start":{"line":40,"column":4},"end":{"line":44,"column":null}},{"start":{"line":42,"column":11},"end":{"line":44,"column":null}}]},"1":{"loc":{"start":{"line":41,"column":6},"end":{"line":41,"column":67}},"type":"if","locations":[{"start":{"line":41,"column":6},"end":{"line":41,"column":67}}]},"2":{"loc":{"start":{"line":48,"column":4},"end":{"line":49,"column":27}},"type":"if","locations":[{"start":{"line":48,"column":4},"end":{"line":49,"column":27}},{"start":{"line":49,"column":9},"end":{"line":49,"column":27}}]},"3":{"loc":{"start":{"line":57,"column":11},"end":{"line":57,"column":51}},"type":"cond-expr","locations":[{"start":{"line":57,"column":39},"end":{"line":57,"column":44}},{"start":{"line":57,"column":47},"end":{"line":57,"column":51}}]}},"s":{"0":1,"1":1,"2":1,"3":1,"4":1,"5":1,"6":1,"7":1,"8":1,"9":1,"10":1,"11":1,"12":1,"13":1,"14":1,"15":1,"16":1,"17":0,"18":0,"19":0,"20":0,"21":0,"22":0,"23":0,"24":0,"25":0,"26":1,"27":1},"f":{"0":1,"1":1,"2":0,"3":0,"4":0,"5":0,"6":1},"b":{"0":[0,0],"1":[0],"2":[0,0],"3":[0,0]}}
,"/Users/piflorian/ECV/M2/typescript/TP_RPG/src/knight.ts": {"path":"/Users/piflorian/ECV/M2/typescript/TP_RPG/src/knight.ts","statementMap":{"0":{"start":{"line":1,"column":0},"end":{"line":1,"column":38}},"1":{"start":{"line":12,"column":4},"end":{"line":12,"column":48}},"2":{"start":{"line":4,"column":0},"end":{"line":4,"column":13}}},"fnMap":{"0":{"name":"(anonymous_0)","decl":{"start":{"line":5,"column":2},"end":{"line":5,"column":null}},"loc":{"start":{"line":10,"column":14},"end":{"line":13,"column":3}}}},"branchMap":{},"s":{"0":1,"1":1,"2":1},"f":{"0":1},"b":{}}
}
