{"/Users/laurent/developpement/typescript/TP_RPG/src/archer.ts": {"path":"/Users/laurent/developpement/typescript/TP_RPG/src/archer.ts","statementMap":{"0":{"start":{"line":1,"column":0},"end":{"line":1,"column":38}},"1":{"start":{"line":12,"column":4},"end":{"line":12,"column":48}},"2":{"start":{"line":4,"column":0},"end":{"line":4,"column":13}}},"fnMap":{"0":{"name":"(anonymous_0)","decl":{"start":{"line":5,"column":2},"end":{"line":5,"column":null}},"loc":{"start":{"line":10,"column":14},"end":{"line":13,"column":3}}}},"branchMap":{},"s":{"0":2,"1":3,"2":2},"f":{"0":3},"b":{}}
,"/Users/laurent/developpement/typescript/TP_RPG/src/champion.ts": {"path":"/Users/laurent/developpement/typescript/TP_RPG/src/champion.ts","statementMap":{"0":{"start":{"line":1,"column":0},"end":{"line":1,"column":34}},"1":{"start":{"line":16,"column":11},"end":{"line":16,"column":28}},"2":{"start":{"line":17,"column":11},"end":{"line":17,"column":27}},"3":{"start":{"line":18,"column":11},"end":{"line":18,"column":39}},"4":{"start":{"line":19,"column":11},"end":{"line":19,"column":22}},"5":{"start":{"line":20,"column":11},"end":{"line":20,"column":22}},"6":{"start":{"line":21,"column":11},"end":{"line":21,"column":21}},"7":{"start":{"line":23,"column":4},"end":{"line":23,"column":31}},"8":{"start":{"line":24,"column":4},"end":{"line":24,"column":29}},"9":{"start":{"line":25,"column":4},"end":{"line":25,"column":48}},"10":{"start":{"line":26,"column":4},"end":{"line":26,"column":53}},"11":{"start":{"line":27,"column":4},"end":{"line":27,"column":19}},"12":{"start":{"line":28,"column":4},"end":{"line":28,"column":19}},"13":{"start":{"line":29,"column":4},"end":{"line":29,"column":17}},"14":{"start":{"line":30,"column":4},"end":{"line":30,"column":20}},"15":{"start":{"line":31,"column":4},"end":{"line":31,"column":29}},"16":{"start":{"line":35,"column":4},"end":{"line":40,"column":null}},"17":{"start":{"line":36,"column":6},"end":{"line":36,"column":56}},"18":{"start":{"line":37,"column":6},"end":{"line":37,"column":30}},"19":{"start":{"line":39,"column":6},"end":{"line":39,"column":51}},"20":{"start":{"line":44,"column":4},"end":{"line":53,"column":null}},"21":{"start":{"line":45,"column":6},"end":{"line":49,"column":null}},"22":{"start":{"line":46,"column":10},"end":{"line":46,"column":71}},"23":{"start":{"line":46,"column":43},"end":{"line":46,"column":71}},"24":{"start":{"line":48,"column":10},"end":{"line":48,"column":34}},"25":{"start":{"line":50,"column":6},"end":{"line":50,"column":29}},"26":{"start":{"line":52,"column":7},"end":{"line":52,"column":49}},"27":{"start":{"line":57,"column":4},"end":{"line":58,"column":27}},"28":{"start":{"line":57,"column":27},"end":{"line":57,"column":39}},"29":{"start":{"line":58,"column":9},"end":{"line":58,"column":27}},"30":{"start":{"line":62,"column":4},"end":{"line":62,"column":23}},"31":{"start":{"line":66,"column":4},"end":{"line":66,"column":51}},"32":{"start":{"line":70,"column":4},"end":{"line":70,"column":null}},"33":{"start":{"line":10,"column":0},"end":{"line":10,"column":22}}},"fnMap":{"0":{"name":"(anonymous_0)","decl":{"start":{"line":15,"column":2},"end":{"line":15,"column":null}},"loc":{"start":{"line":21,"column":21},"end":{"line":32,"column":3}}},"1":{"name":"(anonymous_1)","decl":{"start":{"line":34,"column":2},"end":{"line":34,"column":9}},"loc":{"start":{"line":34,"column":9},"end":{"line":41,"column":3}}},"2":{"name":"(anonymous_2)","decl":{"start":{"line":43,"column":2},"end":{"line":43,"column":8}},"loc":{"start":{"line":43,"column":25},"end":{"line":54,"column":3}}},"3":{"name":"(anonymous_3)","decl":{"start":{"line":56,"column":2},"end":{"line":56,"column":8}},"loc":{"start":{"line":56,"column":23},"end":{"line":59,"column":3}}},"4":{"name":"(anonymous_4)","decl":{"start":{"line":61,"column":2},"end":{"line":61,"column":9}},"loc":{"start":{"line":61,"column":9},"end":{"line":63,"column":3}}},"5":{"name":"(anonymous_5)","decl":{"start":{"line":65,"column":2},"end":{"line":65,"column":7}},"loc":{"start":{"line":65,"column":7},"end":{"line":67,"column":3}}},"6":{"name":"(anonymous_6)","decl":{"start":{"line":69,"column":2},"end":{"line":69,"column":9}},"loc":{"start":{"line":69,"column":9},"end":{"line":71,"column":3}}}},"branchMap":{"0":{"loc":{"start":{"line":35,"column":4},"end":{"line":40,"column":null}},"type":"if","locations":[{"start":{"line":35,"column":4},"end":{"line":40,"column":null}},{"start":{"line":38,"column":11},"end":{"line":40,"column":null}}]},"1":{"loc":{"start":{"line":44,"column":4},"end":{"line":53,"column":null}},"type":"if","locations":[{"start":{"line":44,"column":4},"end":{"line":53,"column":null}},{"start":{"line":51,"column":11},"end":{"line":53,"column":null}}]},"2":{"loc":{"start":{"line":45,"column":6},"end":{"line":49,"column":null}},"type":"if","locations":[{"start":{"line":45,"column":6},"end":{"line":49,"column":null}},{"start":{"line":47,"column":13},"end":{"line":49,"column":null}}]},"3":{"loc":{"start":{"line":46,"column":10},"end":{"line":46,"column":71}},"type":"if","locations":[{"start":{"line":46,"column":10},"end":{"line":46,"column":71}}]},"4":{"loc":{"start":{"line":57,"column":4},"end":{"line":58,"column":27}},"type":"if","locations":[{"start":{"line":57,"column":4},"end":{"line":58,"column":27}},{"start":{"line":58,"column":9},"end":{"line":58,"column":27}}]},"5":{"loc":{"start":{"line":66,"column":11},"end":{"line":66,"column":50}},"type":"cond-expr","locations":[{"start":{"line":66,"column":38},"end":{"line":66,"column":42}},{"start":{"line":66,"column":45},"end":{"line":66,"column":50}}]}},"s":{"0":2,"1":33,"2":33,"3":33,"4":33,"5":33,"6":33,"7":33,"8":33,"9":33,"10":33,"11":33,"12":33,"13":33,"14":33,"15":33,"16":3,"17":2,"18":2,"19":1,"20":8,"21":7,"22":1,"23":1,"24":6,"25":7,"26":1,"27":7,"28":1,"29":6,"30":2,"31":9,"32":1,"33":2},"f":{"0":33,"1":3,"2":8,"3":7,"4":2,"5":9,"6":1},"b":{"0":[2,1],"1":[7,1],"2":[1,6],"3":[1],"4":[1,6],"5":[7,2]}}
,"/Users/laurent/developpement/typescript/TP_RPG/src/knight.ts": {"path":"/Users/laurent/developpement/typescript/TP_RPG/src/knight.ts","statementMap":{"0":{"start":{"line":1,"column":0},"end":{"line":1,"column":38}},"1":{"start":{"line":12,"column":4},"end":{"line":12,"column":48}},"2":{"start":{"line":4,"column":0},"end":{"line":4,"column":13}}},"fnMap":{"0":{"name":"(anonymous_0)","decl":{"start":{"line":5,"column":2},"end":{"line":5,"column":null}},"loc":{"start":{"line":10,"column":14},"end":{"line":13,"column":3}}}},"branchMap":{},"s":{"0":2,"1":19,"2":2},"f":{"0":19},"b":{}}
,"/Users/laurent/developpement/typescript/TP_RPG/src/mage.ts": {"path":"/Users/laurent/developpement/typescript/TP_RPG/src/mage.ts","statementMap":{"0":{"start":{"line":1,"column":0},"end":{"line":1,"column":38}},"1":{"start":{"line":2,"column":0},"end":{"line":2,"column":34}},"2":{"start":{"line":3,"column":0},"end":{"line":3,"column":34}},"3":{"start":{"line":13,"column":4},"end":{"line":13,"column":48}},"4":{"start":{"line":16,"column":16},"end":{"line":16,"column":17}},"5":{"start":{"line":19,"column":4},"end":{"line":19,"column":null}},"6":{"start":{"line":20,"column":16},"end":{"line":22,"column":6}},"7":{"start":{"line":21,"column":6},"end":{"line":21,"column":null}},"8":{"start":{"line":23,"column":4},"end":{"line":23,"column":null}},"9":{"start":{"line":24,"column":4},"end":{"line":34,"column":null}},"10":{"start":{"line":25,"column":6},"end":{"line":33,"column":null}},"11":{"start":{"line":26,"column":8},"end":{"line":26,"column":null}},"12":{"start":{"line":27,"column":12},"end":{"line":33,"column":null}},"13":{"start":{"line":28,"column":8},"end":{"line":28,"column":null}},"14":{"start":{"line":29,"column":12},"end":{"line":33,"column":null}},"15":{"start":{"line":30,"column":8},"end":{"line":30,"column":null}},"16":{"start":{"line":31,"column":12},"end":{"line":33,"column":null}},"17":{"start":{"line":32,"column":8},"end":{"line":32,"column":null}},"18":{"start":{"line":36,"column":16},"end":{"line":36,"column":24}},"19":{"start":{"line":38,"column":4},"end":{"line":41,"column":null}},"20":{"start":{"line":39,"column":6},"end":{"line":39,"column":null}},"21":{"start":{"line":40,"column":6},"end":{"line":40,"column":null}},"22":{"start":{"line":45,"column":16},"end":{"line":45,"column":17}},"23":{"start":{"line":47,"column":6},"end":{"line":58,"column":null}},"24":{"start":{"line":48,"column":8},"end":{"line":48,"column":null}},"25":{"start":{"line":50,"column":25},"end":{"line":50,"column":47}},"26":{"start":{"line":51,"column":8},"end":{"line":57,"column":null}},"27":{"start":{"line":52,"column":10},"end":{"line":52,"column":null}},"28":{"start":{"line":53,"column":10},"end":{"line":53,"column":null}},"29":{"start":{"line":55,"column":10},"end":{"line":55,"column":null}},"30":{"start":{"line":56,"column":10},"end":{"line":56,"column":null}},"31":{"start":{"line":5,"column":0},"end":{"line":5,"column":13}}},"fnMap":{"0":{"name":"(anonymous_0)","decl":{"start":{"line":6,"column":2},"end":{"line":6,"column":null}},"loc":{"start":{"line":11,"column":14},"end":{"line":14,"column":3}}},"1":{"name":"(anonymous_1)","decl":{"start":{"line":15,"column":9},"end":{"line":15,"column":20}},"loc":{"start":{"line":15,"column":40},"end":{"line":42,"column":3}}},"2":{"name":"(anonymous_2)","decl":{"start":{"line":20,"column":31},"end":{"line":20,"column":32}},"loc":{"start":{"line":20,"column":43},"end":{"line":22,"column":5}}},"3":{"name":"(anonymous_3)","decl":{"start":{"line":24,"column":18},"end":{"line":24,"column":19}},"loc":{"start":{"line":24,"column":37},"end":{"line":34,"column":5}}},"4":{"name":"(anonymous_4)","decl":{"start":{"line":44,"column":9},"end":{"line":44,"column":13}},"loc":{"start":{"line":44,"column":30},"end":{"line":60,"column":3}}}},"branchMap":{"0":{"loc":{"start":{"line":25,"column":6},"end":{"line":33,"column":null}},"type":"if","locations":[{"start":{"line":25,"column":6},"end":{"line":33,"column":null}},{"start":{"line":27,"column":12},"end":{"line":33,"column":null}}]},"1":{"loc":{"start":{"line":27,"column":12},"end":{"line":33,"column":null}},"type":"if","locations":[{"start":{"line":27,"column":12},"end":{"line":33,"column":null}},{"start":{"line":29,"column":12},"end":{"line":33,"column":null}}]},"2":{"loc":{"start":{"line":29,"column":12},"end":{"line":33,"column":null}},"type":"if","locations":[{"start":{"line":29,"column":12},"end":{"line":33,"column":null}},{"start":{"line":31,"column":12},"end":{"line":33,"column":null}}]},"3":{"loc":{"start":{"line":29,"column":15},"end":{"line":29,"column":60}},"type":"binary-expr","locations":[{"start":{"line":29,"column":15},"end":{"line":29,"column":39}},{"start":{"line":29,"column":43},"end":{"line":29,"column":60}}]},"4":{"loc":{"start":{"line":31,"column":12},"end":{"line":33,"column":null}},"type":"if","locations":[{"start":{"line":31,"column":12},"end":{"line":33,"column":null}}]},"5":{"loc":{"start":{"line":31,"column":15},"end":{"line":31,"column":60}},"type":"binary-expr","locations":[{"start":{"line":31,"column":15},"end":{"line":31,"column":39}},{"start":{"line":31,"column":43},"end":{"line":31,"column":60}}]},"6":{"loc":{"start":{"line":38,"column":4},"end":{"line":41,"column":null}},"type":"if","locations":[{"start":{"line":38,"column":4},"end":{"line":41,"column":null}}]},"7":{"loc":{"start":{"line":47,"column":6},"end":{"line":58,"column":null}},"type":"if","locations":[{"start":{"line":47,"column":6},"end":{"line":58,"column":null}},{"start":{"line":49,"column":11},"end":{"line":58,"column":null}}]},"8":{"loc":{"start":{"line":51,"column":8},"end":{"line":57,"column":null}},"type":"if","locations":[{"start":{"line":51,"column":8},"end":{"line":57,"column":null}},{"start":{"line":54,"column":15},"end":{"line":57,"column":null}}]}},"s":{"0":2,"1":2,"2":2,"3":11,"4":0,"5":0,"6":0,"7":0,"8":0,"9":0,"10":0,"11":0,"12":0,"13":0,"14":0,"15":0,"16":0,"17":0,"18":0,"19":0,"20":0,"21":0,"22":3,"23":3,"24":1,"25":2,"26":2,"27":1,"28":1,"29":1,"30":1,"31":2},"f":{"0":11,"1":0,"2":0,"3":0,"4":3},"b":{"0":[0,0],"1":[0,0],"2":[0,0],"3":[0,0],"4":[0],"5":[0,0],"6":[0],"7":[1,2],"8":[1,1]}}
}
